app/build/outputs/logs/manifest-merger-debug-report.txt
-- Merging decision tree log ---
manifest
ADDED from src/main/AndroidManifest.xml:2:1-45:12
	xmlns:android
		ADDED from src/main/AndroidManifest.xml:2:11-69
	package
		ADDED from src/main/AndroidManifest.xml:3:5-33
		INJECTED from src/main/AndroidManifest.xml
		INJECTED from src/main/AndroidManifest.xml
	android:versionName
		INJECTED from src/main/AndroidManifest.xml
		INJECTED from src/main/AndroidManifest.xml
	android:versionCode
		INJECTED from src/main/AndroidManifest.xml
		INJECTED from src/main/AndroidManifest.xml
uses-permission#android.permission.INTERNET
ADDED from src/main/AndroidManifest.xml:5:5-67
MERGED from [com.urbanairship.android:urbanairship-sdk:6.3.0] AndroidManifest.xml:12:5-67
MERGED from [com.google.android.gms:play-services-gcm:8.1.0] AndroidManifest.xml:22:5-67
MERGED from [com.google.android.gms:play-services-gcm:8.1.0] AndroidManifest.xml:22:5-67
MERGED from [com.google.android.gms:play-services-maps:8.1.0] AndroidManifest.xml:21:5-66
	android:name
		ADDED from src/main/AndroidManifest.xml:5:22-64
uses-permission#android.permission.VIBRATE
ADDED from src/main/AndroidManifest.xml:6:5-66
MERGED from [com.urbanairship.android:urbanairship-sdk:6.3.0] AndroidManifest.xml:15:5-66
	android:name
		ADDED from src/main/AndroidManifest.xml:6:22-63
application
ADDED from src/main/AndroidManifest.xml:8:5-43:19
MERGED from [com.android.support:appcompat-v7:23.0.1] AndroidManifest.xml:22:5-20
MERGED from [com.android.support:support-v4:23.0.1] AndroidManifest.xml:22:5-20
MERGED from [com.urbanairship.android:urbanairship-sdk:6.3.0] AndroidManifest.xml:41:5-130:19
MERGED from [com.google.android.gms:play-services-gcm:8.1.0] AndroidManifest.xml:24:5-20
MERGED from [com.google.android.gms:play-services-basement:8.1.0] AndroidManifest.xml:20:5-24:19
MERGED from [com.android.support:support-v4:23.0.1] AndroidManifest.xml:22:5-20
MERGED from [com.android.support:support-v4:23.0.1] AndroidManifest.xml:22:5-20
MERGED from [com.google.android.gms:play-services-gcm:8.1.0] AndroidManifest.xml:24:5-20
MERGED from [com.google.android.gms:play-services-basement:8.1.0] AndroidManifest.xml:20:5-24:19
MERGED from [com.android.support:support-v4:23.0.1] AndroidManifest.xml:22:5-20
MERGED from [com.android.support:cardview-v7:23.0.1] AndroidManifest.xml:22:5-20
MERGED from [com.google.android.gms:play-services-location:8.1.0] AndroidManifest.xml:19:5-20
MERGED from [com.google.android.gms:play-services-basement:8.1.0] AndroidManifest.xml:20:5-24:19
MERGED from [com.android.support:support-v4:23.0.1] AndroidManifest.xml:22:5-20
MERGED from [com.google.android.gms:play-services-maps:8.1.0] AndroidManifest.xml:28:5-20
MERGED from [com.google.android.gms:play-services-basement:8.1.0] AndroidManifest.xml:20:5-24:19
MERGED from [com.android.support:support-v4:23.0.1] AndroidManifest.xml:22:5-20
	android:label
		ADDED from src/main/AndroidManifest.xml:12:9-41
	android:allowBackup
		ADDED from src/main/AndroidManifest.xml:11:9-35
	android:theme
		ADDED from src/main/AndroidManifest.xml:14:9-40
	android:largeHeap
		ADDED from src/main/AndroidManifest.xml:13:9-33
	android:name
		ADDED from src/main/AndroidManifest.xml:10:9-42
meta-data#com.google.android.gms.version
ADDED from src/main/AndroidManifest.xml:16:9-18:68
MERGED from [com.google.android.gms:play-services-basement:8.1.0] AndroidManifest.xml:21:9-23:69
MERGED from [com.google.android.gms:play-services-basement:8.1.0] AndroidManifest.xml:21:9-23:69
MERGED from [com.google.android.gms:play-services-basement:8.1.0] AndroidManifest.xml:21:9-23:69
MERGED from [com.google.android.gms:play-services-basement:8.1.0] AndroidManifest.xml:21:9-23:69
	android:name
		ADDED from src/main/AndroidManifest.xml:17:13-58
	android:value
		ADDED from src/main/AndroidManifest.xml:18:13-66
activity#com.test.ua.uatest.MainActivity
ADDED from src/main/AndroidManifest.xml:20:9-26:20
	android:name
		ADDED from src/main/AndroidManifest.xml:20:19-47
intent-filter#android.intent.action.MAIN+android.intent.category.LAUNCHER
ADDED from src/main/AndroidManifest.xml:21:13-25:29
action#android.intent.action.MAIN
ADDED from src/main/AndroidManifest.xml:22:17-69
	android:name
		ADDED from src/main/AndroidManifest.xml:22:25-66
category#android.intent.category.LAUNCHER
ADDED from src/main/AndroidManifest.xml:24:17-77
	android:name
		ADDED from src/main/AndroidManifest.xml:24:27-74
receiver#com.test.ua.uatest.IntentReceiver
ADDED from src/main/AndroidManifest.xml:30:9-41:20
	android:exported
		ADDED from src/main/AndroidManifest.xml:31:13-37
	android:name
		ADDED from src/main/AndroidManifest.xml:30:19-49
intent-filter#${applicationId}+com.urbanairship.push.CHANNEL_UPDATED+com.urbanairship.push.DISMISSED+com.urbanairship.push.OPENED+com.urbanairship.push.RECEIVED
ADDED from src/main/AndroidManifest.xml:33:13-40:29
action#com.urbanairship.push.CHANNEL_UPDATED
ADDED from src/main/AndroidManifest.xml:34:17-80
	android:name
		ADDED from src/main/AndroidManifest.xml:34:25-77
action#com.urbanairship.push.OPENED
ADDED from src/main/AndroidManifest.xml:35:17-71
	android:name
		ADDED from src/main/AndroidManifest.xml:35:25-68
action#com.urbanairship.push.RECEIVED
ADDED from src/main/AndroidManifest.xml:36:17-73
	android:name
		ADDED from src/main/AndroidManifest.xml:36:25-70
action#com.urbanairship.push.DISMISSED
ADDED from src/main/AndroidManifest.xml:37:17-74
	android:name
		ADDED from src/main/AndroidManifest.xml:37:25-71
category#${applicationId}
ADDED from src/main/AndroidManifest.xml:39:17-61
	android:name
		ADDED from src/main/AndroidManifest.xml:39:27-58
		INJECTED from src/main/AndroidManifest.xml
uses-sdk
INJECTED from src/main/AndroidManifest.xml reason: use-sdk injection requested
MERGED from [com.android.support:appcompat-v7:23.0.1] AndroidManifest.xml:20:5-43
MERGED from [com.android.support:support-v4:23.0.1] AndroidManifest.xml:20:5-43
MERGED from [com.urbanairship.android:urbanairship-sdk:6.3.0] AndroidManifest.xml:8:5-10:41
MERGED from [com.google.android.gms:play-services-gcm:8.1.0] AndroidManifest.xml:18:5-42
MERGED from [com.google.android.gms:play-services-base:8.1.0] AndroidManifest.xml:18:5-42
MERGED from [com.google.android.gms:play-services-basement:8.1.0] AndroidManifest.xml:18:5-42
MERGED from [com.android.support:support-v4:23.0.1] AndroidManifest.xml:20:5-43
MERGED from [com.android.support:support-v4:23.0.1] AndroidManifest.xml:20:5-43
MERGED from [com.google.android.gms:play-services-gcm:8.1.0] AndroidManifest.xml:18:5-42
MERGED from [com.google.android.gms:play-services-base:8.1.0] AndroidManifest.xml:18:5-42
MERGED from [com.google.android.gms:play-services-basement:8.1.0] AndroidManifest.xml:18:5-42
MERGED from [com.android.support:support-v4:23.0.1] AndroidManifest.xml:20:5-43
MERGED from [com.android.support:cardview-v7:23.0.1] AndroidManifest.xml:20:5-43
MERGED from [com.google.android.gms:play-services-location:8.1.0] AndroidManifest.xml:18:5-42
MERGED from [com.google.android.gms:play-services-base:8.1.0] AndroidManifest.xml:18:5-42
MERGED from [com.google.android.gms:play-services-basement:8.1.0] AndroidManifest.xml:18:5-42
MERGED from [com.android.support:support-v4:23.0.1] AndroidManifest.xml:20:5-43
MERGED from [com.google.android.gms:play-services-maps:8.1.0] AndroidManifest.xml:27:5-42
MERGED from [com.google.android.gms:play-services-base:8.1.0] AndroidManifest.xml:18:5-42
MERGED from [com.google.android.gms:play-services-basement:8.1.0] AndroidManifest.xml:18:5-42
MERGED from [com.android.support:support-v4:23.0.1] AndroidManifest.xml:20:5-43
	android:targetSdkVersion
		INJECTED from src/main/AndroidManifest.xml
		INJECTED from src/main/AndroidManifest.xml
	android:minSdkVersion
		INJECTED from src/main/AndroidManifest.xml
		INJECTED from src/main/AndroidManifest.xml
uses-permission#android.permission.ACCESS_NETWORK_STATE
ADDED from [com.urbanairship.android:urbanairship-sdk:6.3.0] AndroidManifest.xml:13:5-79
MERGED from [com.google.android.gms:play-services-maps:8.1.0] AndroidManifest.xml:20:5-78
	android:name
		ADDED from [com.urbanairship.android:urbanairship-sdk:6.3.0] AndroidManifest.xml:13:22-76
uses-permission#android.permission.WAKE_LOCK
ADDED from [com.urbanairship.android:urbanairship-sdk:6.3.0] AndroidManifest.xml:14:5-68
	android:name
		ADDED from [com.urbanairship.android:urbanairship-sdk:6.3.0] AndroidManifest.xml:14:22-65
permission#${applicationId}.permission.UA_DATA
ADDED from [com.urbanairship.android:urbanairship-sdk:6.3.0] AndroidManifest.xml:17:5-19:47
	android:protectionLevel
		ADDED from [com.urbanairship.android:urbanairship-sdk:6.3.0] AndroidManifest.xml:19:9-44
	android:name
		ADDED from [com.urbanairship.android:urbanairship-sdk:6.3.0] AndroidManifest.xml:18:9-59
uses-permission#${applicationId}.permission.UA_DATA
ADDED from [com.urbanairship.android:urbanairship-sdk:6.3.0] AndroidManifest.xml:21:5-75
	android:name
		ADDED from [com.urbanairship.android:urbanairship-sdk:6.3.0] AndroidManifest.xml:21:22-72
uses-permission#com.google.android.c2dm.permission.RECEIVE
ADDED from [com.urbanairship.android:urbanairship-sdk:6.3.0] AndroidManifest.xml:24:5-82
MERGED from [com.google.android.gms:play-services-gcm:8.1.0] AndroidManifest.xml:21:5-82
MERGED from [com.google.android.gms:play-services-gcm:8.1.0] AndroidManifest.xml:21:5-82
	android:name
		ADDED from [com.urbanairship.android:urbanairship-sdk:6.3.0] AndroidManifest.xml:24:22-79
permission#${applicationId}.permission.C2D_MESSAGE
ADDED from [com.urbanairship.android:urbanairship-sdk:6.3.0] AndroidManifest.xml:26:5-28:47
	android:protectionLevel
		ADDED from [com.urbanairship.android:urbanairship-sdk:6.3.0] AndroidManifest.xml:28:9-44
	android:name
		ADDED from [com.urbanairship.android:urbanairship-sdk:6.3.0] AndroidManifest.xml:27:9-63
uses-permission#${applicationId}.permission.C2D_MESSAGE
ADDED from [com.urbanairship.android:urbanairship-sdk:6.3.0] AndroidManifest.xml:30:5-79
	android:name
		ADDED from [com.urbanairship.android:urbanairship-sdk:6.3.0] AndroidManifest.xml:30:22-76
uses-permission#com.amazon.device.messaging.permission.RECEIVE
ADDED from [com.urbanairship.android:urbanairship-sdk:6.3.0] AndroidManifest.xml:33:5-86
	android:name
		ADDED from [com.urbanairship.android:urbanairship-sdk:6.3.0] AndroidManifest.xml:33:22-83
permission#${applicationId}.permission.RECEIVE_ADM_MESSAGE
ADDED from [com.urbanairship.android:urbanairship-sdk:6.3.0] AndroidManifest.xml:35:5-37:47
	android:protectionLevel
		ADDED from [com.urbanairship.android:urbanairship-sdk:6.3.0] AndroidManifest.xml:37:9-44
	android:name
		ADDED from [com.urbanairship.android:urbanairship-sdk:6.3.0] AndroidManifest.xml:36:9-71
uses-permission#${applicationId}.permission.RECEIVE_ADM_MESSAGE
ADDED from [com.urbanairship.android:urbanairship-sdk:6.3.0] AndroidManifest.xml:39:5-87
	android:name
		ADDED from [com.urbanairship.android:urbanairship-sdk:6.3.0] AndroidManifest.xml:39:22-84
amazon:enable-feature
ADDED from [com.urbanairship.android:urbanairship-sdk:6.3.0] AndroidManifest.xml:44:9-46:40
	android:required
		ADDED from [com.urbanairship.android:urbanairship-sdk:6.3.0] AndroidManifest.xml:46:13-37
	android:name
		ADDED from [com.urbanairship.android:urbanairship-sdk:6.3.0] AndroidManifest.xml:45:13-55
activity#com.urbanairship.actions.ActionActivity
ADDED from [com.urbanairship.android:urbanairship-sdk:6.3.0] AndroidManifest.xml:48:9-76
	android:name
		ADDED from [com.urbanairship.android:urbanairship-sdk:6.3.0] AndroidManifest.xml:48:19-73
activity#com.urbanairship.CoreActivity
ADDED from [com.urbanairship.android:urbanairship-sdk:6.3.0] AndroidManifest.xml:49:9-66
	android:name
		ADDED from [com.urbanairship.android:urbanairship-sdk:6.3.0] AndroidManifest.xml:49:19-63
activity#com.urbanairship.google.PlayServicesErrorActivity
ADDED from [com.urbanairship.android:urbanairship-sdk:6.3.0] AndroidManifest.xml:50:9-52:75
	android:theme
		ADDED from [com.urbanairship.android:urbanairship-sdk:6.3.0] AndroidManifest.xml:52:13-72
	android:name
		ADDED from [com.urbanairship.android:urbanairship-sdk:6.3.0] AndroidManifest.xml:51:13-77
activity#com.urbanairship.actions.LandingPageActivity
ADDED from [com.urbanairship.android:urbanairship-sdk:6.3.0] AndroidManifest.xml:53:9-73:20
	android:theme
		ADDED from [com.urbanairship.android:urbanairship-sdk:6.3.0] AndroidManifest.xml:56:13-52
	android:exported
		ADDED from [com.urbanairship.android:urbanairship-sdk:6.3.0] AndroidManifest.xml:55:13-37
	android:name
		ADDED from [com.urbanairship.android:urbanairship-sdk:6.3.0] AndroidManifest.xml:54:13-72
meta-data#com.urbanairship.action.LANDING_PAGE_VIEW
ADDED from [com.urbanairship.android:urbanairship-sdk:6.3.0] AndroidManifest.xml:57:13-59:71
	android:resource
		ADDED from [com.urbanairship.android:urbanairship-sdk:6.3.0] AndroidManifest.xml:59:17-68
	android:name
		ADDED from [com.urbanairship.android:urbanairship-sdk:6.3.0] AndroidManifest.xml:58:17-73
meta-data#com.urbanairship.push.iam.EXCLUDE_FROM_AUTO_SHOW
ADDED from [com.urbanairship.android:urbanairship-sdk:6.3.0] AndroidManifest.xml:60:13-62:40
	android:name
		ADDED from [com.urbanairship.android:urbanairship-sdk:6.3.0] AndroidManifest.xml:61:17-80
	android:value
		ADDED from [com.urbanairship.android:urbanairship-sdk:6.3.0] AndroidManifest.xml:62:17-37
intent-filter#android.intent.category.DEFAULT+com.urbanairship.actions.SHOW_LANDING_PAGE_INTENT_ACTION
ADDED from [com.urbanairship.android:urbanairship-sdk:6.3.0] AndroidManifest.xml:64:13-72:29
action#com.urbanairship.actions.SHOW_LANDING_PAGE_INTENT_ACTION
ADDED from [com.urbanairship.android:urbanairship-sdk:6.3.0] AndroidManifest.xml:65:17-99
	android:name
		ADDED from [com.urbanairship.android:urbanairship-sdk:6.3.0] AndroidManifest.xml:65:25-96
data
ADDED from [com.urbanairship.android:urbanairship-sdk:6.3.0] AndroidManifest.xml:67:17-47
	android:scheme
		ADDED from [com.urbanairship.android:urbanairship-sdk:6.3.0] AndroidManifest.xml:67:23-44
category#android.intent.category.DEFAULT
ADDED from [com.urbanairship.android:urbanairship-sdk:6.3.0] AndroidManifest.xml:71:17-76
	android:name
		ADDED from [com.urbanairship.android:urbanairship-sdk:6.3.0] AndroidManifest.xml:71:27-73
service#com.urbanairship.push.PushService
ADDED from [com.urbanairship.android:urbanairship-sdk:6.3.0] AndroidManifest.xml:75:9-77:57
	android:label
		ADDED from [com.urbanairship.android:urbanairship-sdk:6.3.0] AndroidManifest.xml:77:13-54
	android:name
		ADDED from [com.urbanairship.android:urbanairship-sdk:6.3.0] AndroidManifest.xml:76:13-61
service#com.urbanairship.analytics.EventService
ADDED from [com.urbanairship.android:urbanairship-sdk:6.3.0] AndroidManifest.xml:78:9-80:45
	android:label
		ADDED from [com.urbanairship.android:urbanairship-sdk:6.3.0] AndroidManifest.xml:80:13-42
	android:name
		ADDED from [com.urbanairship.android:urbanairship-sdk:6.3.0] AndroidManifest.xml:79:13-67
service#com.urbanairship.actions.ActionService
ADDED from [com.urbanairship.android:urbanairship-sdk:6.3.0] AndroidManifest.xml:81:9-74
	android:name
		ADDED from [com.urbanairship.android:urbanairship-sdk:6.3.0] AndroidManifest.xml:81:18-71
service#com.urbanairship.richpush.RichPushUpdateService
ADDED from [com.urbanairship.android:urbanairship-sdk:6.3.0] AndroidManifest.xml:82:9-83
	android:name
		ADDED from [com.urbanairship.android:urbanairship-sdk:6.3.0] AndroidManifest.xml:82:18-80
service#com.urbanairship.location.LocationService
ADDED from [com.urbanairship.android:urbanairship-sdk:6.3.0] AndroidManifest.xml:83:9-85:48
	android:label
		ADDED from [com.urbanairship.android:urbanairship-sdk:6.3.0] AndroidManifest.xml:85:13-45
	android:name
		ADDED from [com.urbanairship.android:urbanairship-sdk:6.3.0] AndroidManifest.xml:84:13-69
service#com.urbanairship.push.UAInstanceIDListenerService
ADDED from [com.urbanairship.android:urbanairship-sdk:6.3.0] AndroidManifest.xml:86:9-92:19
	android:exported
		ADDED from [com.urbanairship.android:urbanairship-sdk:6.3.0] AndroidManifest.xml:88:13-37
	android:name
		ADDED from [com.urbanairship.android:urbanairship-sdk:6.3.0] AndroidManifest.xml:87:13-77
intent-filter#com.google.android.gms.iid.InstanceID
ADDED from [com.urbanairship.android:urbanairship-sdk:6.3.0] AndroidManifest.xml:89:13-91:29
action#com.google.android.gms.iid.InstanceID
ADDED from [com.urbanairship.android:urbanairship-sdk:6.3.0] AndroidManifest.xml:90:17-80
	android:name
		ADDED from [com.urbanairship.android:urbanairship-sdk:6.3.0] AndroidManifest.xml:90:25-77
receiver#com.urbanairship.CoreReceiver
ADDED from [com.urbanairship.android:urbanairship-sdk:6.3.0] AndroidManifest.xml:94:9-102:20
	android:exported
		ADDED from [com.urbanairship.android:urbanairship-sdk:6.3.0] AndroidManifest.xml:96:13-37
	android:name
		ADDED from [com.urbanairship.android:urbanairship-sdk:6.3.0] AndroidManifest.xml:95:13-57
intent-filter#${applicationId}+com.urbanairship.push.OPENED
ADDED from [com.urbanairship.android:urbanairship-sdk:6.3.0] AndroidManifest.xml:97:13-101:29
	android:priority
		ADDED from [com.urbanairship.android:urbanairship-sdk:6.3.0] AndroidManifest.xml:97:28-51
receiver#com.urbanairship.push.GCMPushReceiver
ADDED from [com.urbanairship.android:urbanairship-sdk:6.3.0] AndroidManifest.xml:103:9-112:20
	android:permission
		ADDED from [com.urbanairship.android:urbanairship-sdk:6.3.0] AndroidManifest.xml:105:13-73
	android:name
		ADDED from [com.urbanairship.android:urbanairship-sdk:6.3.0] AndroidManifest.xml:104:13-65
intent-filter#${applicationId}+com.google.android.c2dm.intent.RECEIVE+com.google.android.c2dm.intent.REGISTRATION
ADDED from [com.urbanairship.android:urbanairship-sdk:6.3.0] AndroidManifest.xml:106:13-111:29
action#com.google.android.c2dm.intent.RECEIVE
ADDED from [com.urbanairship.android:urbanairship-sdk:6.3.0] AndroidManifest.xml:107:17-81
	android:name
		ADDED from [com.urbanairship.android:urbanairship-sdk:6.3.0] AndroidManifest.xml:107:25-78
action#com.google.android.c2dm.intent.REGISTRATION
ADDED from [com.urbanairship.android:urbanairship-sdk:6.3.0] AndroidManifest.xml:108:17-86
	android:name
		ADDED from [com.urbanairship.android:urbanairship-sdk:6.3.0] AndroidManifest.xml:108:25-83
receiver#com.urbanairship.push.ADMPushReceiver
ADDED from [com.urbanairship.android:urbanairship-sdk:6.3.0] AndroidManifest.xml:113:9-122:20
	android:permission
		ADDED from [com.urbanairship.android:urbanairship-sdk:6.3.0] AndroidManifest.xml:115:13-77
	android:name
		ADDED from [com.urbanairship.android:urbanairship-sdk:6.3.0] AndroidManifest.xml:114:13-65
intent-filter#${applicationId}+com.amazon.device.messaging.intent.RECEIVE+com.amazon.device.messaging.intent.REGISTRATION
ADDED from [com.urbanairship.android:urbanairship-sdk:6.3.0] AndroidManifest.xml:116:13-121:29
action#com.amazon.device.messaging.intent.REGISTRATION
ADDED from [com.urbanairship.android:urbanairship-sdk:6.3.0] AndroidManifest.xml:117:17-90
	android:name
		ADDED from [com.urbanairship.android:urbanairship-sdk:6.3.0] AndroidManifest.xml:117:25-87
action#com.amazon.device.messaging.intent.RECEIVE
ADDED from [com.urbanairship.android:urbanairship-sdk:6.3.0] AndroidManifest.xml:118:17-85
	android:name
		ADDED from [com.urbanairship.android:urbanairship-sdk:6.3.0] AndroidManifest.xml:118:25-82
provider#com.urbanairship.UrbanAirshipProvider
ADDED from [com.urbanairship.android:urbanairship-sdk:6.3.0] AndroidManifest.xml:124:9-129:72
	android:multiprocess
		ADDED from [com.urbanairship.android:urbanairship-sdk:6.3.0] AndroidManifest.xml:128:13-40
	android:exported
		ADDED from [com.urbanairship.android:urbanairship-sdk:6.3.0] AndroidManifest.xml:127:13-36
	android:authorities
		ADDED from [com.urbanairship.android:urbanairship-sdk:6.3.0] AndroidManifest.xml:126:13-73
	android:permission
		ADDED from [com.urbanairship.android:urbanairship-sdk:6.3.0] AndroidManifest.xml:129:13-69
	android:name
		ADDED from [com.urbanairship.android:urbanairship-sdk:6.3.0] AndroidManifest.xml:125:13-65
uses-permission#android.permission.WRITE_EXTERNAL_STORAGE
ADDED from [com.google.android.gms:play-services-maps:8.1.0] AndroidManifest.xml:22:5-80
	android:name
		ADDED from [com.google.android.gms:play-services-maps:8.1.0] AndroidManifest.xml:22:22-78
uses-feature#0x00020000
ADDED from [com.google.android.gms:play-services-maps:8.1.0] AndroidManifest.xml:23:5-25:33
	android:required
		ADDED from [com.google.android.gms:play-services-maps:8.1.0] AndroidManifest.xml:25:8-31
	android:glEsVersion
		ADDED from [com.google.android.gms:play-services-maps:8.1.0] AndroidManifest.xml:24:8-40
android:uses-permission#android.permission.READ_EXTERNAL_STORAGE
IMPLIED from src/main/AndroidManifest.xml:2:1-45:12 reason: com.google.android.gms.maps requested WRITE_EXTERNAL_STORAGE